<?xml version="1.0" encoding="UTF-8"?>
<testng-results skipped="0" failed="0" ignored="0" total="1" passed="1">
  <reporter-output>
  </reporter-output>
  <suite name="Default suite" duration-ms="25095" started-at="2022-04-18T18:33:39 CST" finished-at="2022-04-18T18:34:04 CST">
    <groups>
    </groups>
    <test name="Default test" duration-ms="25095" started-at="2022-04-18T18:33:39 CST" finished-at="2022-04-18T18:34:04 CST">
      <class name="test.Testngselenium">
        <test-method status="PASS" signature="test()[pri:0, instance:test.Testngselenium@5f3a4b84]" name="test" duration-ms="25045" started-at="2022-04-18T18:33:39 CST" finished-at="2022-04-18T18:34:04 CST">
          <reporter-output>
          </reporter-output>
        </test-method> <!-- test -->
      </class> <!-- test.Testngselenium -->
    </test> <!-- Default test -->
  </suite> <!-- Default suite -->
</testng-results>
